2026-01-09 20:50:48 - INFO - ============================================================
2026-01-09 20:50:48 - INFO - Starting AWS Infrastructure Deployment
2026-01-09 20:50:48 - INFO - ============================================================
2026-01-09 20:50:48 - INFO - Project: planning
2026-01-09 20:50:48 - INFO - Region: us-west-2
2026-01-09 20:50:48 - INFO - Account ID: 262976740991
2026-01-09 20:50:48 - INFO - Bucket Name: storage-for-planning-262976740991-us-west-2
2026-01-09 20:50:48 - INFO - ============================================================
2026-01-09 20:50:48 - INFO - [1/10] Creating S3 bucket: storage-for-planning-262976740991-us-west-2
2026-01-09 20:50:49 - WARNING - S3 bucket already exists: storage-for-planning-262976740991-us-west-2
2026-01-09 20:50:49 - INFO - S3 bucket created...
2026-01-09 20:50:49 - INFO - [2/10] Creating Knowledge Base IAM role
2026-01-09 20:50:50 - WARNING - IAM role already exists: role-knowledge-base-for-planning-us-west-2
2026-01-09 20:50:51 - INFO - [2/10] Creating Agent IAM role
2026-01-09 20:50:52 - WARNING - IAM role already exists: role-agent-for-planning-us-west-2
2026-01-09 20:50:53 - INFO - [2/10] Creating EC2 IAM role
2026-01-09 20:50:53 - WARNING - IAM role already exists: role-ec2-for-planning-us-west-2
2026-01-09 20:50:58 - INFO - IAM roles created...
2026-01-09 20:50:58 - INFO - [3/10] Creating Secrets Manager secrets
2026-01-09 20:50:58 - INFO - Please enter API keys when prompted (press Enter to skip and leave empty):
2026-01-09 20:50:58 - WARNING -   Secret already exists: openweathermap-planning
2026-01-09 20:50:59 - WARNING -   Secret already exists: tavilyapikey-planning
2026-01-09 20:50:59 - INFO - ✓ Created 2 secrets
2026-01-09 20:50:59 - INFO - Secrets created...
2026-01-09 20:50:59 - INFO - [4/10] Creating OpenSearch Serverless collection
2026-01-09 20:50:59 - WARNING - OpenSearch collection already exists: planning
2026-01-09 20:50:59 - INFO - OpenSearch collection created...
2026-01-09 20:50:59 - INFO - [4.5/10] Creating Knowledge Base with OpenSearch collection
2026-01-09 20:50:59 - INFO -   Creating vector index in OpenSearch collection...
2026-01-09 20:50:59 - INFO - Found credentials in shared credentials file: ~/.aws/credentials
2026-01-09 20:51:00 - INFO -   Checking if Knowledge Base already exists...
2026-01-09 20:51:01 - WARNING - Knowledge Base already exists: CAPZR47HOP
2026-01-09 20:51:01 - INFO - Knowledge Base is using correct OpenSearch collection
2026-01-09 20:51:01 - INFO - Knowledge base created...
2026-01-09 20:51:01 - INFO - [5/10] Creating VPC and networking resources
2026-01-09 20:51:02 - INFO - Using CIDR block: 10.23.0.0/16
2026-01-09 20:51:02 - WARNING - VPC already exists: vpc-047e74d286cf0a85b
2026-01-09 20:51:03 - INFO - VPC created...
2026-01-09 20:51:03 - INFO - [6/10] Creating Application Load Balancer
2026-01-09 20:51:04 - WARNING - ALB already exists: alb-for-planning-1896602236.us-west-2.elb.amazonaws.com
2026-01-09 20:51:04 - INFO - ALB created...
2026-01-09 20:51:04 - INFO - [7/10] Creating CloudFront distribution (ALB + S3 hybrid)
2026-01-09 20:51:05 - WARNING - CloudFront distribution already exists: dbd07313pn2q1.cloudfront.net
2026-01-09 20:51:05 - INFO - CloudFront distribution created...
2026-01-09 20:51:05 - INFO - [8/10] Creating EC2 instance
2026-01-09 20:51:05 - WARNING - EC2 instance already exists: i-0c5e8a04ace4021a4
2026-01-09 20:51:05 - INFO - EC2 instance created...
2026-01-09 20:51:05 - INFO - [9/10] Creating ALB target group and listener
2026-01-09 20:51:06 - WARNING -   Target group already exists: arn:aws:elasticloadbalancing:us-west-2:262976740991:targetgroup/TG-for-planning/9bcdcb0ade55210d
2026-01-09 20:51:06 - WARNING -   EC2 instance i-0c5e8a04ace4021a4 is already registered in target group
2026-01-09 20:51:06 - WARNING -   Listener already exists on port 80: arn:aws:elasticloadbalancing:us-west-2:262976740991:listener/app/alb-for-planning/c53b05aadabfbba4/92cf09f3bf6515fb
2026-01-09 20:51:06 - WARNING -   Rule with Priority 10 for custom header already exists: arn:aws:elasticloadbalancing:us-west-2:262976740991:listener-rule/app/alb-for-planning/c53b05aadabfbba4/92cf09f3bf6515fb/7a66a7eecd6b95c8
2026-01-09 20:51:06 - INFO - ✓ ALB target group and listener created
2026-01-09 20:51:06 - INFO -   Target group: arn:aws:elasticloadbalancing:us-west-2:262976740991:targetgroup/TG-for-planning/9bcdcb0ade55210d
2026-01-09 20:51:06 - INFO -   Listener: arn:aws:elasticloadbalancing:us-west-2:262976740991:listener/app/alb-for-planning/c53b05aadabfbba4/92cf09f3bf6515fb
2026-01-09 20:51:06 - INFO - ALB target group and listener created...
2026-01-09 20:51:06 - INFO - Creating code interpreter: planning
2026-01-09 20:51:06 - INFO - Creating Code Interpreter Execution IAM role
2026-01-09 20:51:06 - WARNING - IAM role already exists: role-code-interpreter-for-planning-us-west-2
2026-01-09 20:51:07 - INFO -   Waiting for IAM role to propagate...
2026-01-09 20:51:17 - INFO -   Waiting for IAM policy to propagate...
2026-01-09 20:51:22 - INFO - Code interpreter role ARN: arn:aws:iam::262976740991:role/role-code-interpreter-for-planning-us-west-2
2026-01-09 20:51:23 - WARNING - Code interpreter already exists: planning
2026-01-09 20:51:23 - INFO - ✓ Using existing code interpreter: planning-IqjVLniZ3k
2026-01-09 20:51:23 - INFO - Code interpreter created...
2026-01-09 20:51:23 - INFO - Checking if application is ready: dbd07313pn2q1.cloudfront.net
2026-01-09 20:51:23 - INFO - [10/10] Checking if application is ready at https://dbd07313pn2q1.cloudfront.net
2026-01-09 20:51:23 - INFO -   Maximum 120 attempts, 10 seconds between attempts (up to 20 minutes)
2026-01-09 20:51:23 - INFO -   In progress... [1/120] - HTTP 502 response
2026-01-09 20:51:44 - INFO - ✓ Application is ready! Status code: 200
2026-01-09 20:51:44 - INFO -   Total attempts: 3/120, elapsed time: 0.3 minutes
2026-01-09 20:51:44 - INFO - 
2026-01-09 20:51:44 - INFO - ============================================================
2026-01-09 20:51:44 - INFO - Infrastructure Deployment Completed Successfully!
2026-01-09 20:51:44 - INFO - ============================================================
2026-01-09 20:51:44 - INFO - Summary:
2026-01-09 20:51:44 - INFO -   S3 Bucket: storage-for-planning-262976740991-us-west-2
2026-01-09 20:51:44 - INFO -   VPC ID: vpc-047e74d286cf0a85b
2026-01-09 20:51:44 - INFO -   Public Subnets: subnet-06099c96d00c8711a, subnet-015b72b8ebf975153
2026-01-09 20:51:44 - INFO -   Private Subnets: subnet-0a3fb44117e1ee8e3, subnet-01a86d534505a3cf3
2026-01-09 20:51:44 - INFO -   ALB DNS: http://alb-for-planning-1896602236.us-west-2.elb.amazonaws.com/
2026-01-09 20:51:44 - INFO -   CloudFront Domain: https://dbd07313pn2q1.cloudfront.net
2026-01-09 20:51:44 - INFO -   EC2 Instance ID: i-0c5e8a04ace4021a4 (deployed in private subnet)
2026-01-09 20:51:44 - INFO -   OpenSearch Endpoint: https://mrkn5vuzv8ini0n5gx1b.us-west-2.aoss.amazonaws.com
2026-01-09 20:51:44 - INFO -   Knowledge Base ID: CAPZR47HOP
2026-01-09 20:51:44 - INFO -   Knowledge Base Role: arn:aws:iam::262976740991:role/role-knowledge-base-for-planning-us-west-2
2026-01-09 20:51:44 - INFO -   Code Interpreter ID: planning-IqjVLniZ3k
2026-01-09 20:51:44 - INFO - 
2026-01-09 20:51:44 - INFO - Total deployment time: 0.93 minutes
2026-01-09 20:51:44 - INFO - ============================================================
2026-01-09 20:51:44 - INFO - Note: CloudFront distribution may take 15-20 minutes to fully deploy
2026-01-09 20:51:44 - INFO - Note: EC2 instance user data script will install and start the application
2026-01-09 20:51:44 - INFO - ============================================================
2026-01-09 20:51:44 - INFO - OpenSearch Collection ARN: arn:aws:aoss:us-west-2:262976740991:collection/mrkn5vuzv8ini0n5gx1b
2026-01-09 20:51:44 - INFO - OpenSearch Collection Endpoint: https://mrkn5vuzv8ini0n5gx1b.us-west-2.aoss.amazonaws.com
2026-01-09 20:51:44 - INFO - ✓ Updated application/config.json
2026-01-09 20:51:44 - INFO - ============================================================
2026-01-09 20:51:44 - INFO - 
2026-01-09 20:51:44 - INFO - ============================================================
2026-01-09 20:51:44 - INFO -   IMPORTANT: CloudFront Domain Address
2026-01-09 20:51:44 - INFO - ============================================================
2026-01-09 20:51:44 - INFO -  CloudFront URL: https://dbd07313pn2q1.cloudfront.net
2026-01-09 20:51:44 - INFO - 
2026-01-09 20:51:44 - INFO - Note: CloudFront distribution and agent application on EC2 instance may take 15-20 minutes to fully deploy
2026-01-09 20:51:44 - INFO -       Once deployed, you can access your application at the URL above
2026-01-09 20:51:44 - INFO - ============================================================
2026-01-09 20:51:44 - INFO - 
